<?xml version="1.0" encoding="UTF-8"?>
<testsuite xmlns:xsi="http://www.w3.org/2001/XMLSchema-instance" xsi:noNamespaceSchemaLocation="https://maven.apache.org/surefire/maven-surefire-plugin/xsd/surefire-test-report-3.0.xsd" version="3.0" name="ar.edu.uade.clase2.ProductoControllerTest" time="10.649" tests="1" errors="0" skipped="0" failures="0">
  <properties>
[...]
</properties>
  <testcase name="getProductos_debeRetornar200ConTresProductos" classname="ar.edu.uade.clase2.ProductoControllerTest" time="2.719">
    <system-out><![CDATA[10:34:41.127 [main] INFO org.springframework.test.context.support.AnnotationConfigContextLoaderUtils -- Could not detect default configuration classes for test class [ar.edu.uade.clase2.ProductoControllerTest]: ProductoControllerTest does not declare any static, non-private, non-final, nested classes annotated with @Configuration.
10:34:41.381 [main] INFO org.springframework.boot.test.context.SpringBootTestContextBootstrapper -- Found @SpringBootConfiguration ar.edu.uade.clase2.Clase2Application for test class ar.edu.uade.clase2.ProductoControllerTest

  .   ____          _            __ _ _
 /\\ / ___'_ __ _ _(_)_ __  __ _ \ \ \ \
( ( )\___ | '_ | '_| | '_ \/ _` | \ \ \ \
 \\/  ___)| |_)| | | | | || (_| |  ) ) ) )
  '  |____| .__|_| |_|_| |_\__, | / / / /
 =========|_|==============|___/=/_/_/_/
 :: Spring Boot ::                (v3.2.0)

2026-03-16T10:34:42.479-03:00  INFO 20252 --- [           main] a.e.uade.clase2.ProductoControllerTest   : Starting ProductoControllerTest using Java 21.0.10 with PID 20252 (started by Usuario in C:\Users\Usuario\Documents\uade\2026\arquitecturadeaplicaciones\repo\clase2)
2026-03-16T10:34:42.487-03:00  INFO 20252 --- [           main] a.e.uade.clase2.ProductoControllerTest   : No active profile set, falling back to 1 default profile: "default"
2026-03-16T10:34:48.068-03:00  INFO 20252 --- [           main] o.s.b.t.m.w.SpringBootMockServletContext : Initializing Spring TestDispatcherServlet ''
2026-03-16T10:34:48.069-03:00  INFO 20252 --- [           main] o.s.t.web.servlet.TestDispatcherServlet  : Initializing Servlet ''
2026-03-16T10:34:48.090-03:00  INFO 20252 --- [           main] o.s.b.a.e.web.EndpointLinksResolver      : Exposing 13 endpoint(s) beneath base path '/actuator'
2026-03-16T10:34:48.130-03:00  INFO 20252 --- [           main] o.s.t.web.servlet.TestDispatcherServlet  : Completed initialization in 59 ms
2026-03-16T10:34:48.303-03:00  INFO 20252 --- [           main] a.e.uade.clase2.ProductoControllerTest   : Started ProductoControllerTest in 6.567 seconds (process running for 9.008)
]]></system-out>
    <system-err><![CDATA[WARNING: A Java agent has been loaded dynamically (C:\Users\Usuario\.m2\repository\net\bytebuddy\byte-buddy-agent\1.14.10\byte-buddy-agent-1.14.10.jar)
WARNING: If a serviceability tool is in use, please run with -XX:+EnableDynamicAgentLoading to hide this warning
WARNING: If a serviceability tool is not in use, please run with -Djdk.instrument.traceUsage for more information
WARNING: Dynamic loading of agents will be disallowed by default in a future release
]]></system-err>
  </testcase>
</testsuite>